\BOOKMARK [0][-]{chapter.1}{\376\377\000F\000l\000a\000g\000s\000\040\000\046\000\040\000E\000n\000v\000i\000r\000o\000n\000m\000e\000n\000t\000\040\000v\000a\000r\000i\000a\000b\000l\000e\000s}{}% 1
\BOOKMARK [1][-]{section.1.1}{\376\377\000D\000R\000\137\000H\000O\000O\000K\000\137\000S\000H\000O\000W\000\137\000L\000O\000C\000K}{chapter.1}% 2
\BOOKMARK [2][-]{subsection.1.1.1}{\376\377\000V\000a\000l\000i\000d\000\040\000V\000a\000l\000u\000e\000s}{section.1.1}% 3
\BOOKMARK [2][-]{subsection.1.1.2}{\376\377\000P\000u\000r\000p\000o\000s\000e}{section.1.1}% 4
\BOOKMARK [2][-]{subsection.1.1.3}{\376\377\000N\000o\000t\000e\000s}{section.1.1}% 5
\BOOKMARK [1][-]{section.1.2}{\376\377\000O\000M\000P\000\137\000S\000T\000A\000C\000K\000S\000I\000Z\000E}{chapter.1}% 6
\BOOKMARK [2][-]{subsection.1.2.1}{\376\377\000V\000a\000l\000i\000d\000\040\000V\000a\000l\000u\000e\000s}{section.1.2}% 7
\BOOKMARK [2][-]{subsection.1.2.2}{\376\377\000P\000u\000r\000p\000o\000s\000e}{section.1.2}% 8
\BOOKMARK [2][-]{subsection.1.2.3}{\376\377\000N\000o\000t\000e\000s}{section.1.2}% 9
\BOOKMARK [1][-]{section.1.3}{\376\377\000D\000R\000\137\000H\000O\000O\000K\000\137\000C\000A\000T\000C\000H\000\137\000S\000I\000G\000N\000A\000L\000S}{chapter.1}% 10
\BOOKMARK [2][-]{subsection.1.3.1}{\376\377\000V\000a\000l\000i\000d\000\040\000V\000a\000l\000u\000e\000s}{section.1.3}% 11
\BOOKMARK [2][-]{subsection.1.3.2}{\376\377\000P\000u\000r\000p\000o\000s\000e}{section.1.3}% 12
\BOOKMARK [2][-]{subsection.1.3.3}{\376\377\000N\000o\000t\000e\000s}{section.1.3}% 13
\BOOKMARK [1][-]{section.1.4}{\376\377\000D\000R\000\137\000H\000O\000O\000K\000\137\000R\000E\000S\000T\000O\000R\000E\000\137\000D\000E\000F\000A\000U\000L\000T\000\137\000S\000I\000G\000N\000A\000L\000S}{chapter.1}% 14
\BOOKMARK [2][-]{subsection.1.4.1}{\376\377\000V\000a\000l\000i\000d\000\040\000V\000a\000l\000u\000e\000s}{section.1.4}% 15
\BOOKMARK [2][-]{subsection.1.4.2}{\376\377\000P\000u\000r\000p\000o\000s\000e}{section.1.4}% 16
\BOOKMARK [2][-]{subsection.1.4.3}{\376\377\000N\000o\000t\000e\000s}{section.1.4}% 17
\BOOKMARK [1][-]{section.1.5}{\376\377\000D\000R\000\137\000H\000O\000O\000K\000\137\000I\000G\000N\000O\000R\000E\000\137\000S\000I\000G\000N\000A\000L\000S}{chapter.1}% 18
\BOOKMARK [2][-]{subsection.1.5.1}{\376\377\000V\000a\000l\000i\000d\000\040\000V\000a\000l\000u\000e\000s}{section.1.5}% 19
\BOOKMARK [2][-]{subsection.1.5.2}{\376\377\000P\000u\000r\000p\000o\000s\000e}{section.1.5}% 20
\BOOKMARK [2][-]{subsection.1.5.3}{\376\377\000N\000o\000t\000e\000s}{section.1.5}% 21
\BOOKMARK [1][-]{section.1.6}{\376\377\000D\000R\000\137\000H\000O\000O\000K\000\137\000S\000I\000L\000E\000N\000T}{chapter.1}% 22
\BOOKMARK [2][-]{subsection.1.6.1}{\376\377\000V\000a\000l\000i\000d\000\040\000V\000a\000l\000u\000e\000s}{section.1.6}% 23
\BOOKMARK [2][-]{subsection.1.6.2}{\376\377\000P\000u\000r\000p\000o\000s\000e}{section.1.6}% 24
\BOOKMARK [2][-]{subsection.1.6.3}{\376\377\000N\000o\000t\000e\000s}{section.1.6}% 25
\BOOKMARK [1][-]{section.1.7}{\376\377\000D\000R\000\137\000H\000O\000O\000K\000\137\000I\000N\000I\000T\000\137\000S\000I\000G\000N\000A\000L\000S}{chapter.1}% 26
\BOOKMARK [2][-]{subsection.1.7.1}{\376\377\000V\000a\000l\000i\000d\000\040\000V\000a\000l\000u\000e\000s}{section.1.7}% 27
\BOOKMARK [2][-]{subsection.1.7.2}{\376\377\000P\000u\000r\000p\000o\000s\000e}{section.1.7}% 28
\BOOKMARK [2][-]{subsection.1.7.3}{\376\377\000N\000o\000t\000e\000s}{section.1.7}% 29
\BOOKMARK [1][-]{section.1.8}{\376\377\000D\000R\000\137\000H\000O\000O\000K\000\137\000S\000H\000O\000W\000\137\000P\000R\000O\000C\000E\000S\000S\000\137\000O\000P\000T\000I\000O\000N\000S}{chapter.1}% 30
\BOOKMARK [2][-]{subsection.1.8.1}{\376\377\000V\000a\000l\000i\000d\000\040\000V\000a\000l\000u\000e\000s}{section.1.8}% 31
\BOOKMARK [2][-]{subsection.1.8.2}{\376\377\000P\000u\000r\000p\000o\000s\000e}{section.1.8}% 32
\BOOKMARK [2][-]{subsection.1.8.3}{\376\377\000N\000o\000t\000e\000s}{section.1.8}% 33
\BOOKMARK [1][-]{section.1.9}{\376\377\000A\000T\000P\000\137\000E\000N\000A\000B\000L\000E\000D}{chapter.1}% 34
\BOOKMARK [2][-]{subsection.1.9.1}{\376\377\000V\000a\000l\000i\000d\000\040\000V\000a\000l\000u\000e\000s}{section.1.9}% 35
\BOOKMARK [2][-]{subsection.1.9.2}{\376\377\000P\000u\000r\000p\000o\000s\000e}{section.1.9}% 36
\BOOKMARK [2][-]{subsection.1.9.3}{\376\377\000N\000o\000t\000e\000s}{section.1.9}% 37
\BOOKMARK [1][-]{section.1.10}{\376\377\000A\000T\000P\000\137\000M\000A\000X\000\137\000C\000O\000R\000E\000S}{chapter.1}% 38
\BOOKMARK [2][-]{subsection.1.10.1}{\376\377\000V\000a\000l\000i\000d\000\040\000V\000a\000l\000u\000e\000s}{section.1.10}% 39
\BOOKMARK [2][-]{subsection.1.10.2}{\376\377\000P\000u\000r\000p\000o\000s\000e}{section.1.10}% 40
\BOOKMARK [2][-]{subsection.1.10.3}{\376\377\000N\000o\000t\000e\000s}{section.1.10}% 41
\BOOKMARK [1][-]{section.1.11}{\376\377\000A\000T\000P\000\137\000M\000A\000X\000\137\000A\000N\000A\000L\000Y\000S\000I\000S\000\137\000T\000I\000M\000E}{chapter.1}% 42
\BOOKMARK [2][-]{subsection.1.11.1}{\376\377\000V\000a\000l\000i\000d\000\040\000V\000a\000l\000u\000e\000s}{section.1.11}% 43
\BOOKMARK [2][-]{subsection.1.11.2}{\376\377\000P\000u\000r\000p\000o\000s\000e}{section.1.11}% 44
\BOOKMARK [2][-]{subsection.1.11.3}{\376\377\000N\000o\000t\000e\000s}{section.1.11}% 45
\BOOKMARK [1][-]{section.1.12}{\376\377\000A\000T\000P\000\137\000I\000G\000N\000O\000R\000E\000\137\000S\000I\000G\000T\000E\000R\000M}{chapter.1}% 46
\BOOKMARK [2][-]{subsection.1.12.1}{\376\377\000V\000a\000l\000i\000d\000\040\000V\000a\000l\000u\000e\000s}{section.1.12}% 47
\BOOKMARK [2][-]{subsection.1.12.2}{\376\377\000P\000u\000r\000p\000o\000s\000e}{section.1.12}% 48
\BOOKMARK [2][-]{subsection.1.12.3}{\376\377\000N\000o\000t\000e\000s}{section.1.12}% 49
\BOOKMARK [1][-]{section.1.13}{\376\377\000D\000R\000\137\000H\000O\000O\000K\000\137\000A\000L\000L\000O\000W\000\137\000C\000O\000R\000E\000D\000U\000M\000P}{chapter.1}% 50
\BOOKMARK [2][-]{subsection.1.13.1}{\376\377\000V\000a\000l\000i\000d\000\040\000V\000a\000l\000u\000e\000s}{section.1.13}% 51
\BOOKMARK [2][-]{subsection.1.13.2}{\376\377\000P\000u\000r\000p\000o\000s\000e}{section.1.13}% 52
\BOOKMARK [2][-]{subsection.1.13.3}{\376\377\000N\000o\000t\000e\000s}{section.1.13}% 53
\BOOKMARK [1][-]{section.1.14}{\376\377\000D\000R\000\137\000H\000O\000O\000K\000\137\000P\000R\000O\000F\000I\000L\000E}{chapter.1}% 54
\BOOKMARK [2][-]{subsection.1.14.1}{\376\377\000V\000a\000l\000i\000d\000\040\000V\000a\000l\000u\000e\000s}{section.1.14}% 55
\BOOKMARK [2][-]{subsection.1.14.2}{\376\377\000P\000u\000r\000p\000o\000s\000e}{section.1.14}% 56
\BOOKMARK [2][-]{subsection.1.14.3}{\376\377\000N\000o\000t\000e\000s}{section.1.14}% 57
\BOOKMARK [1][-]{section.1.15}{\376\377\000D\000R\000\137\000H\000O\000O\000K\000\137\000P\000R\000O\000F\000I\000L\000E\000\137\000P\000R\000O\000C}{chapter.1}% 58
\BOOKMARK [2][-]{subsection.1.15.1}{\376\377\000V\000a\000l\000i\000d\000\040\000V\000a\000l\000u\000e\000s}{section.1.15}% 59
\BOOKMARK [2][-]{subsection.1.15.2}{\376\377\000P\000u\000r\000p\000o\000s\000e}{section.1.15}% 60
\BOOKMARK [2][-]{subsection.1.15.3}{\376\377\000N\000o\000t\000e\000s}{section.1.15}% 61
\BOOKMARK [1][-]{section.1.16}{\376\377\000D\000R\000\137\000H\000O\000O\000K\000\137\000P\000R\000O\000F\000I\000L\000E\000\137\000L\000I\000M\000I\000T}{chapter.1}% 62
\BOOKMARK [2][-]{subsection.1.16.1}{\376\377\000V\000a\000l\000i\000d\000\040\000V\000a\000l\000u\000e\000s}{section.1.16}% 63
\BOOKMARK [2][-]{subsection.1.16.2}{\376\377\000P\000u\000r\000p\000o\000s\000e}{section.1.16}% 64
\BOOKMARK [2][-]{subsection.1.16.3}{\376\377\000N\000o\000t\000e\000s}{section.1.16}% 65
\BOOKMARK [1][-]{section.1.17}{\376\377\000D\000R\000\137\000H\000O\000O\000K\000\137\000F\000U\000N\000C\000E\000N\000T\000E\000R}{chapter.1}% 66
\BOOKMARK [2][-]{subsection.1.17.1}{\376\377\000V\000a\000l\000i\000d\000\040\000V\000a\000l\000u\000e\000s}{section.1.17}% 67
\BOOKMARK [2][-]{subsection.1.17.2}{\376\377\000P\000u\000r\000p\000o\000s\000e}{section.1.17}% 68
\BOOKMARK [2][-]{subsection.1.17.3}{\376\377\000N\000o\000t\000e\000s}{section.1.17}% 69
\BOOKMARK [1][-]{section.1.18}{\376\377\000D\000R\000\137\000H\000O\000O\000K\000\137\000F\000U\000N\000C\000E\000X\000I\000T}{chapter.1}% 70
\BOOKMARK [2][-]{subsection.1.18.1}{\376\377\000V\000a\000l\000i\000d\000\040\000V\000a\000l\000u\000e\000s}{section.1.18}% 71
\BOOKMARK [2][-]{subsection.1.18.2}{\376\377\000P\000u\000r\000p\000o\000s\000e}{section.1.18}% 72
\BOOKMARK [2][-]{subsection.1.18.3}{\376\377\000N\000o\000t\000e\000s}{section.1.18}% 73
\BOOKMARK [1][-]{section.1.19}{\376\377\000D\000R\000\137\000H\000O\000O\000K\000\137\000T\000I\000M\000E\000L\000I\000N\000E}{chapter.1}% 74
\BOOKMARK [2][-]{subsection.1.19.1}{\376\377\000V\000a\000l\000i\000d\000\040\000V\000a\000l\000u\000e\000s}{section.1.19}% 75
\BOOKMARK [2][-]{subsection.1.19.2}{\376\377\000P\000u\000r\000p\000o\000s\000e}{section.1.19}% 76
\BOOKMARK [2][-]{subsection.1.19.3}{\376\377\000N\000o\000t\000e\000s}{section.1.19}% 77
\BOOKMARK [1][-]{section.1.20}{\376\377\000D\000R\000\137\000H\000O\000O\000K\000\137\000T\000I\000M\000E\000L\000I\000N\000E\000\137\000T\000H\000R\000E\000A\000D}{chapter.1}% 78
\BOOKMARK [2][-]{subsection.1.20.1}{\376\377\000V\000a\000l\000i\000d\000\040\000V\000a\000l\000u\000e\000s}{section.1.20}% 79
\BOOKMARK [2][-]{subsection.1.20.2}{\376\377\000P\000u\000r\000p\000o\000s\000e}{section.1.20}% 80
\BOOKMARK [2][-]{subsection.1.20.3}{\376\377\000N\000o\000t\000e\000s}{section.1.20}% 81
\BOOKMARK [1][-]{section.1.21}{\376\377\000D\000R\000\137\000H\000O\000O\000K\000\137\000T\000I\000M\000E\000L\000I\000N\000E\000\137\000F\000O\000R\000M\000A\000T}{chapter.1}% 82
\BOOKMARK [2][-]{subsection.1.21.1}{\376\377\000V\000a\000l\000i\000d\000\040\000V\000a\000l\000u\000e\000s}{section.1.21}% 83
\BOOKMARK [2][-]{subsection.1.21.2}{\376\377\000P\000u\000r\000p\000o\000s\000e}{section.1.21}% 84
\BOOKMARK [2][-]{subsection.1.21.3}{\376\377\000N\000o\000t\000e\000s}{section.1.21}% 85
\BOOKMARK [1][-]{section.1.22}{\376\377\000D\000R\000\137\000H\000O\000O\000K\000\137\000T\000I\000M\000E\000L\000I\000N\000E\000\137\000U\000N\000I\000T\000N\000O}{chapter.1}% 86
\BOOKMARK [2][-]{subsection.1.22.1}{\376\377\000V\000a\000l\000i\000d\000\040\000V\000a\000l\000u\000e\000s}{section.1.22}% 87
\BOOKMARK [2][-]{subsection.1.22.2}{\376\377\000P\000u\000r\000p\000o\000s\000e}{section.1.22}% 88
\BOOKMARK [2][-]{subsection.1.22.3}{\376\377\000N\000o\000t\000e\000s}{section.1.22}% 89
\BOOKMARK [1][-]{section.1.23}{\376\377\000D\000R\000\137\000H\000O\000O\000K\000\137\000T\000I\000M\000E\000L\000I\000N\000E\000\137\000F\000R\000E\000Q}{chapter.1}% 90
\BOOKMARK [2][-]{subsection.1.23.1}{\376\377\000V\000a\000l\000i\000d\000\040\000V\000a\000l\000u\000e\000s}{section.1.23}% 91
\BOOKMARK [2][-]{subsection.1.23.2}{\376\377\000P\000u\000r\000p\000o\000s\000e}{section.1.23}% 92
\BOOKMARK [2][-]{subsection.1.23.3}{\376\377\000N\000o\000t\000e\000s}{section.1.23}% 93
\BOOKMARK [1][-]{section.1.24}{\376\377\000D\000R\000\137\000H\000O\000O\000K\000\137\000T\000I\000M\000E\000L\000I\000N\000E\000\137\000M\000B}{chapter.1}% 94
\BOOKMARK [2][-]{subsection.1.24.1}{\376\377\000V\000a\000l\000i\000d\000\040\000V\000a\000l\000u\000e\000s}{section.1.24}% 95
\BOOKMARK [2][-]{subsection.1.24.2}{\376\377\000P\000u\000r\000p\000o\000s\000e}{section.1.24}% 96
\BOOKMARK [2][-]{subsection.1.24.3}{\376\377\000N\000o\000t\000e\000s}{section.1.24}% 97
\BOOKMARK [1][-]{section.1.25}{\376\377\000D\000R\000\137\000H\000O\000O\000K\000\137\000T\000R\000A\000C\000E\000\137\000S\000T\000A\000C\000K}{chapter.1}% 98
\BOOKMARK [2][-]{subsection.1.25.1}{\376\377\000V\000a\000l\000i\000d\000\040\000V\000a\000l\000u\000e\000s}{section.1.25}% 99
\BOOKMARK [2][-]{subsection.1.25.2}{\376\377\000P\000u\000r\000p\000o\000s\000e}{section.1.25}% 100
\BOOKMARK [2][-]{subsection.1.25.3}{\376\377\000N\000o\000t\000e\000s}{section.1.25}% 101
\BOOKMARK [1][-]{section.1.26}{\376\377\000D\000R\000\137\000H\000O\000O\000K\000\137\000R\000A\000N\000D\000O\000M\000\137\000M\000E\000M\000S\000T\000A\000T}{chapter.1}% 102
\BOOKMARK [2][-]{subsection.1.26.1}{\376\377\000V\000a\000l\000i\000d\000\040\000V\000a\000l\000u\000e\000s}{section.1.26}% 103
\BOOKMARK [2][-]{subsection.1.26.2}{\376\377\000P\000u\000r\000p\000o\000s\000e}{section.1.26}% 104
\BOOKMARK [2][-]{subsection.1.26.3}{\376\377\000N\000o\000t\000e\000s}{section.1.26}% 105
\BOOKMARK [1][-]{section.1.27}{\376\377\000D\000R\000\137\000H\000O\000O\000K\000\137\000H\000A\000S\000H\000B\000I\000T\000S}{chapter.1}% 106
\BOOKMARK [2][-]{subsection.1.27.1}{\376\377\000V\000a\000l\000i\000d\000\040\000V\000a\000l\000u\000e\000s}{section.1.27}% 107
\BOOKMARK [2][-]{subsection.1.27.2}{\376\377\000P\000u\000r\000p\000o\000s\000e}{section.1.27}% 108
\BOOKMARK [2][-]{subsection.1.27.3}{\376\377\000N\000o\000t\000e\000s}{section.1.27}% 109
\BOOKMARK [1][-]{section.1.28}{\376\377\000D\000R\000\137\000H\000O\000O\000K\000\137\000N\000C\000A\000L\000L\000S\000T\000A\000C\000K}{chapter.1}% 110
\BOOKMARK [2][-]{subsection.1.28.1}{\376\377\000V\000a\000l\000i\000d\000\040\000V\000a\000l\000u\000e\000s}{section.1.28}% 111
\BOOKMARK [2][-]{subsection.1.28.2}{\376\377\000P\000u\000r\000p\000o\000s\000e}{section.1.28}% 112
\BOOKMARK [2][-]{subsection.1.28.3}{\376\377\000N\000o\000t\000e\000s}{section.1.28}% 113
\BOOKMARK [1][-]{section.1.29}{\376\377\000D\000R\000\137\000H\000O\000O\000K\000\137\000H\000A\000R\000A\000K\000I\000R\000I\000\137\000T\000I\000M\000E\000O\000U\000T}{chapter.1}% 114
\BOOKMARK [2][-]{subsection.1.29.1}{\376\377\000V\000a\000l\000i\000d\000\040\000V\000a\000l\000u\000e\000s}{section.1.29}% 115
\BOOKMARK [2][-]{subsection.1.29.2}{\376\377\000P\000u\000r\000p\000o\000s\000e}{section.1.29}% 116
\BOOKMARK [2][-]{subsection.1.29.3}{\376\377\000N\000o\000t\000e\000s}{section.1.29}% 117
\BOOKMARK [1][-]{section.1.30}{\376\377\000D\000R\000\137\000H\000O\000O\000K\000\137\000U\000S\000E\000\137\000L\000O\000C\000K\000F\000I\000L\000E}{chapter.1}% 118
\BOOKMARK [2][-]{subsection.1.30.1}{\376\377\000V\000a\000l\000i\000d\000\040\000V\000a\000l\000u\000e\000s}{section.1.30}% 119
\BOOKMARK [2][-]{subsection.1.30.2}{\376\377\000P\000u\000r\000p\000o\000s\000e}{section.1.30}% 120
\BOOKMARK [2][-]{subsection.1.30.3}{\376\377\000N\000o\000t\000e\000s}{section.1.30}% 121
\BOOKMARK [1][-]{section.1.31}{\376\377\000D\000R\000\137\000H\000O\000O\000K\000\137\000T\000R\000A\000P\000F\000P\000E}{chapter.1}% 122
\BOOKMARK [2][-]{subsection.1.31.1}{\376\377\000V\000a\000l\000i\000d\000\040\000V\000a\000l\000u\000e\000s}{section.1.31}% 123
\BOOKMARK [2][-]{subsection.1.31.2}{\376\377\000P\000u\000r\000p\000o\000s\000e}{section.1.31}% 124
\BOOKMARK [2][-]{subsection.1.31.3}{\376\377\000N\000o\000t\000e\000s}{section.1.31}% 125
\BOOKMARK [1][-]{section.1.32}{\376\377\000D\000R\000\137\000H\000O\000O\000K\000\137\000T\000R\000A\000P\000F\000P\000E\000\137\000I\000N\000V\000A\000L\000I\000D}{chapter.1}% 126
\BOOKMARK [2][-]{subsection.1.32.1}{\376\377\000V\000a\000l\000i\000d\000\040\000V\000a\000l\000u\000e\000s}{section.1.32}% 127
\BOOKMARK [2][-]{subsection.1.32.2}{\376\377\000P\000u\000r\000p\000o\000s\000e}{section.1.32}% 128
\BOOKMARK [2][-]{subsection.1.32.3}{\376\377\000N\000o\000t\000e\000s}{section.1.32}% 129
\BOOKMARK [1][-]{section.1.33}{\376\377\000D\000R\000\137\000H\000O\000O\000K\000\137\000T\000R\000A\000P\000F\000P\000E\000\137\000D\000I\000V\000B\000Y\000Z\000E\000R\000O}{chapter.1}% 130
\BOOKMARK [2][-]{subsection.1.33.1}{\376\377\000V\000a\000l\000i\000d\000\040\000V\000a\000l\000u\000e\000s}{section.1.33}% 131
\BOOKMARK [2][-]{subsection.1.33.2}{\376\377\000P\000u\000r\000p\000o\000s\000e}{section.1.33}% 132
\BOOKMARK [2][-]{subsection.1.33.3}{\376\377\000N\000o\000t\000e\000s}{section.1.33}% 133
\BOOKMARK [1][-]{section.1.34}{\376\377\000D\000R\000\137\000H\000O\000O\000K\000\137\000T\000R\000A\000P\000F\000P\000E\000\137\000O\000V\000E\000R\000F\000L\000O\000W}{chapter.1}% 134
\BOOKMARK [2][-]{subsection.1.34.1}{\376\377\000V\000a\000l\000i\000d\000\040\000V\000a\000l\000u\000e\000s}{section.1.34}% 135
\BOOKMARK [2][-]{subsection.1.34.2}{\376\377\000P\000u\000r\000p\000o\000s\000e}{section.1.34}% 136
\BOOKMARK [2][-]{subsection.1.34.3}{\376\377\000N\000o\000t\000e\000s}{section.1.34}% 137
\BOOKMARK [1][-]{section.1.35}{\376\377\000D\000R\000\137\000H\000O\000O\000K\000\137\000T\000I\000M\000E\000D\000\137\000K\000I\000L\000L}{chapter.1}% 138
\BOOKMARK [2][-]{subsection.1.35.1}{\376\377\000V\000a\000l\000i\000d\000\040\000V\000a\000l\000u\000e\000s}{section.1.35}% 139
\BOOKMARK [2][-]{subsection.1.35.2}{\376\377\000P\000u\000r\000p\000o\000s\000e}{section.1.35}% 140
\BOOKMARK [2][-]{subsection.1.35.3}{\376\377\000N\000o\000t\000e\000s}{section.1.35}% 141
\BOOKMARK [1][-]{section.1.36}{\376\377\000D\000R\000\137\000H\000O\000O\000K\000\137\000D\000U\000M\000P\000\137\000S\000M\000A\000P\000S}{chapter.1}% 142
\BOOKMARK [2][-]{subsection.1.36.1}{\376\377\000V\000a\000l\000i\000d\000\040\000V\000a\000l\000u\000e\000s}{section.1.36}% 143
\BOOKMARK [2][-]{subsection.1.36.2}{\376\377\000P\000u\000r\000p\000o\000s\000e}{section.1.36}% 144
\BOOKMARK [2][-]{subsection.1.36.3}{\376\377\000N\000o\000t\000e\000s}{section.1.36}% 145
\BOOKMARK [1][-]{section.1.37}{\376\377\000D\000R\000\137\000H\000O\000O\000K\000\137\000D\000U\000M\000P\000\137\000M\000A\000P\000S}{chapter.1}% 146
\BOOKMARK [2][-]{subsection.1.37.1}{\376\377\000V\000a\000l\000i\000d\000\040\000V\000a\000l\000u\000e\000s}{section.1.37}% 147
\BOOKMARK [2][-]{subsection.1.37.2}{\376\377\000P\000u\000r\000p\000o\000s\000e}{section.1.37}% 148
\BOOKMARK [2][-]{subsection.1.37.3}{\376\377\000N\000o\000t\000e\000s}{section.1.37}% 149
\BOOKMARK [1][-]{section.1.38}{\376\377\000D\000R\000\137\000H\000O\000O\000K\000\137\000D\000U\000M\000P\000\137\000B\000U\000D\000D\000Y\000I\000N\000F\000O}{chapter.1}% 150
\BOOKMARK [2][-]{subsection.1.38.1}{\376\377\000V\000a\000l\000i\000d\000\040\000V\000a\000l\000u\000e\000s}{section.1.38}% 151
\BOOKMARK [2][-]{subsection.1.38.2}{\376\377\000P\000u\000r\000p\000o\000s\000e}{section.1.38}% 152
\BOOKMARK [2][-]{subsection.1.38.3}{\376\377\000N\000o\000t\000e\000s}{section.1.38}% 153
\BOOKMARK [1][-]{section.1.39}{\376\377\000D\000R\000\137\000H\000O\000O\000K\000\137\000D\000U\000M\000P\000\137\000M\000E\000M\000I\000N\000F\000O}{chapter.1}% 154
\BOOKMARK [2][-]{subsection.1.39.1}{\376\377\000V\000a\000l\000i\000d\000\040\000V\000a\000l\000u\000e\000s}{section.1.39}% 155
\BOOKMARK [2][-]{subsection.1.39.2}{\376\377\000P\000u\000r\000p\000o\000s\000e}{section.1.39}% 156
\BOOKMARK [2][-]{subsection.1.39.3}{\376\377\000N\000o\000t\000e\000s}{section.1.39}% 157
\BOOKMARK [1][-]{section.1.40}{\376\377\000D\000R\000\137\000H\000O\000O\000K\000\137\000D\000U\000M\000P\000\137\000H\000U\000G\000E\000P\000A\000G\000E\000S}{chapter.1}% 158
\BOOKMARK [2][-]{subsection.1.40.1}{\376\377\000V\000a\000l\000i\000d\000\040\000V\000a\000l\000u\000e\000s}{section.1.40}% 159
\BOOKMARK [2][-]{subsection.1.40.2}{\376\377\000P\000u\000r\000p\000o\000s\000e}{section.1.40}% 160
\BOOKMARK [2][-]{subsection.1.40.3}{\376\377\000N\000o\000t\000e\000s}{section.1.40}% 161
\BOOKMARK [1][-]{section.1.41}{\376\377\000D\000R\000\137\000H\000O\000O\000K\000\137\000G\000E\000N\000C\000O\000R\000E}{chapter.1}% 162
\BOOKMARK [2][-]{subsection.1.41.1}{\376\377\000V\000a\000l\000i\000d\000\040\000V\000a\000l\000u\000e\000s}{section.1.41}% 163
\BOOKMARK [2][-]{subsection.1.41.2}{\376\377\000P\000u\000r\000p\000o\000s\000e}{section.1.41}% 164
\BOOKMARK [2][-]{subsection.1.41.3}{\376\377\000N\000o\000t\000e\000s}{section.1.41}% 165
\BOOKMARK [1][-]{section.1.42}{\376\377\000D\000R\000\137\000H\000O\000O\000K\000\137\000G\000E\000N\000C\000O\000R\000E\000\137\000S\000I\000G\000N\000A\000L}{chapter.1}% 166
\BOOKMARK [2][-]{subsection.1.42.1}{\376\377\000V\000a\000l\000i\000d\000\040\000V\000a\000l\000u\000e\000s}{section.1.42}% 167
\BOOKMARK [2][-]{subsection.1.42.2}{\376\377\000P\000u\000r\000p\000o\000s\000e}{section.1.42}% 168
\BOOKMARK [2][-]{subsection.1.42.3}{\376\377\000N\000o\000t\000e\000s}{section.1.42}% 169
\BOOKMARK [1][-]{section.1.43}{\376\377\000D\000R\000\137\000H\000O\000O\000K\000\137\000S\000T\000R\000I\000C\000T\000\137\000R\000E\000G\000I\000O\000N\000S}{chapter.1}% 170
\BOOKMARK [2][-]{subsection.1.43.1}{\376\377\000V\000a\000l\000i\000d\000\040\000V\000a\000l\000u\000e\000s}{section.1.43}% 171
\BOOKMARK [2][-]{subsection.1.43.2}{\376\377\000P\000u\000r\000p\000o\000s\000e}{section.1.43}% 172
\BOOKMARK [2][-]{subsection.1.43.3}{\376\377\000N\000o\000t\000e\000s}{section.1.43}% 173
\BOOKMARK [1][-]{section.1.44}{\376\377\000D\000R\000\137\000H\000O\000O\000K\000\137\000N\000V\000T\000X}{chapter.1}% 174
\BOOKMARK [2][-]{subsection.1.44.1}{\376\377\000V\000a\000l\000i\000d\000\040\000V\000a\000l\000u\000e\000s}{section.1.44}% 175
\BOOKMARK [2][-]{subsection.1.44.2}{\376\377\000P\000u\000r\000p\000o\000s\000e}{section.1.44}% 176
\BOOKMARK [2][-]{subsection.1.44.3}{\376\377\000N\000o\000t\000e\000s}{section.1.44}% 177
\BOOKMARK [1][-]{section.1.45}{\376\377\000D\000R\000\137\000H\000O\000O\000K\000\137\000N\000V\000T\000X\000\137\000S\000P\000A\000M\000\137\000C\000A\000L\000L\000\137\000C\000O\000U\000N\000T}{chapter.1}% 178
\BOOKMARK [2][-]{subsection.1.45.1}{\376\377\000V\000a\000l\000i\000d\000\040\000V\000a\000l\000u\000e\000s}{section.1.45}% 179
\BOOKMARK [2][-]{subsection.1.45.2}{\376\377\000P\000u\000r\000p\000o\000s\000e}{section.1.45}% 180
\BOOKMARK [2][-]{subsection.1.45.3}{\376\377\000N\000o\000t\000e\000s}{section.1.45}% 181
\BOOKMARK [1][-]{section.1.46}{\376\377\000D\000R\000\137\000H\000O\000O\000K\000\137\000N\000V\000T\000X\000\137\000S\000P\000A\000M\000\137\000W\000T}{chapter.1}% 182
\BOOKMARK [2][-]{subsection.1.46.1}{\376\377\000V\000a\000l\000i\000d\000\040\000V\000a\000l\000u\000e\000s}{section.1.46}% 183
\BOOKMARK [2][-]{subsection.1.46.2}{\376\377\000P\000u\000r\000p\000o\000s\000e}{section.1.46}% 184
\BOOKMARK [2][-]{subsection.1.46.3}{\376\377\000N\000o\000t\000e\000s}{section.1.46}% 185
\BOOKMARK [1][-]{section.1.47}{\376\377\000D\000R\000\137\000H\000O\000O\000K\000\137\000O\000P\000T}{chapter.1}% 186
\BOOKMARK [2][-]{subsection.1.47.1}{\376\377\000V\000a\000l\000i\000d\000\040\000V\000a\000l\000u\000e\000s}{section.1.47}% 187
\BOOKMARK [2][-]{subsection.1.47.2}{\376\377\000P\000u\000r\000p\000o\000s\000e}{section.1.47}% 188
\BOOKMARK [2][-]{subsection.1.47.3}{\376\377\000N\000o\000t\000e\000s}{section.1.47}% 189
\BOOKMARK [1][-]{section.1.48}{\376\377\000D\000R\000\137\000H\000O\000O\000K\000\137\000C\000A\000L\000L\000P\000A\000T\000H\000\137\000I\000N\000D\000E\000N\000T}{chapter.1}% 190
\BOOKMARK [2][-]{subsection.1.48.1}{\376\377\000V\000a\000l\000i\000d\000\040\000V\000a\000l\000u\000e\000s}{section.1.48}% 191
\BOOKMARK [2][-]{subsection.1.48.2}{\376\377\000P\000u\000r\000p\000o\000s\000e}{section.1.48}% 192
\BOOKMARK [2][-]{subsection.1.48.3}{\376\377\000N\000o\000t\000e\000s}{section.1.48}% 193
\BOOKMARK [1][-]{section.1.49}{\376\377\000D\000R\000\137\000H\000O\000O\000K\000\137\000C\000A\000L\000L\000P\000A\000T\000H\000\137\000D\000E\000P\000T\000H}{chapter.1}% 194
\BOOKMARK [2][-]{subsection.1.49.1}{\376\377\000V\000a\000l\000i\000d\000\040\000V\000a\000l\000u\000e\000s}{section.1.49}% 195
\BOOKMARK [2][-]{subsection.1.49.2}{\376\377\000P\000u\000r\000p\000o\000s\000e}{section.1.49}% 196
\BOOKMARK [2][-]{subsection.1.49.3}{\376\377\000N\000o\000t\000e\000s}{section.1.49}% 197
\BOOKMARK [1][-]{section.1.50}{\376\377\000D\000R\000\137\000H\000O\000O\000K\000\137\000C\000A\000L\000L\000P\000A\000T\000H\000\137\000P\000A\000C\000K\000E\000D}{chapter.1}% 198
\BOOKMARK [2][-]{subsection.1.50.1}{\376\377\000V\000a\000l\000i\000d\000\040\000V\000a\000l\000u\000e\000s}{section.1.50}% 199
\BOOKMARK [2][-]{subsection.1.50.2}{\376\377\000P\000u\000r\000p\000o\000s\000e}{section.1.50}% 200
\BOOKMARK [2][-]{subsection.1.50.3}{\376\377\000N\000o\000t\000e\000s}{section.1.50}% 201
\BOOKMARK [1][-]{section.1.51}{\376\377\000D\000R\000\137\000H\000O\000O\000K\000\137\000C\000A\000L\000L\000T\000R\000A\000C\000E}{chapter.1}% 202
\BOOKMARK [2][-]{subsection.1.51.1}{\376\377\000V\000a\000l\000i\000d\000\040\000V\000a\000l\000u\000e\000s}{section.1.51}% 203
\BOOKMARK [2][-]{subsection.1.51.2}{\376\377\000P\000u\000r\000p\000o\000s\000e}{section.1.51}% 204
\BOOKMARK [2][-]{subsection.1.51.3}{\376\377\000N\000o\000t\000e\000s}{section.1.51}% 205
\BOOKMARK [1][-]{section.1.52}{\376\377\000D\000R\000\137\000H\000O\000O\000K\000\137\000W\000A\000T\000C\000H\000\137\000P\000R\000I\000N\000T\000\137\000M\000A\000X}{chapter.1}% 206
\BOOKMARK [2][-]{subsection.1.52.1}{\376\377\000V\000a\000l\000i\000d\000\040\000V\000a\000l\000u\000e\000s}{section.1.52}% 207
\BOOKMARK [2][-]{subsection.1.52.2}{\376\377\000P\000u\000r\000p\000o\000s\000e}{section.1.52}% 208
\BOOKMARK [2][-]{subsection.1.52.3}{\376\377\000N\000o\000t\000e\000s}{section.1.52}% 209
\BOOKMARK [1][-]{section.1.53}{\376\377\000D\000R\000\137\000H\000O\000O\000K\000\137\000P\000A\000P\000I\000\137\000C\000O\000U\000N\000T\000E\000R\000S}{chapter.1}% 210
\BOOKMARK [2][-]{subsection.1.53.1}{\376\377\000V\000a\000l\000i\000d\000\040\000V\000a\000l\000u\000e\000s}{section.1.53}% 211
\BOOKMARK [2][-]{subsection.1.53.2}{\376\377\000P\000u\000r\000p\000o\000s\000e}{section.1.53}% 212
\BOOKMARK [2][-]{subsection.1.53.3}{\376\377\000N\000o\000t\000e\000s}{section.1.53}% 213
\BOOKMARK [0][-]{chapter.2}{\376\377\000D\000e\000f\000i\000n\000i\000t\000i\000o\000n\000s}{}% 214
\BOOKMARK [1][-]{section.2.1}{\376\377\000\137\000D\000R\000H\000O\000O\000K\000\137\000C\000\137}{chapter.2}% 215
\BOOKMARK [2][-]{subsection.2.1.1}{\376\377\000V\000a\000l\000u\000e}{section.2.1}% 216
\BOOKMARK [2][-]{subsection.2.1.2}{\376\377\000P\000u\000r\000p\000o\000s\000e}{section.2.1}% 217
\BOOKMARK [2][-]{subsection.2.1.3}{\376\377\000P\000r\000e\000p\000r\000o\000c\000e\000s\000s\000o\000r\000\040\000G\000u\000a\000r\000d\000s}{section.2.1}% 218
\BOOKMARK [1][-]{section.2.2}{\376\377\000\137\000D\000R\000H\000O\000O\000K\000\137\000F\000I\000L\000E\000\137}{chapter.2}% 219
\BOOKMARK [2][-]{subsection.2.2.1}{\376\377\000V\000a\000l\000u\000e}{section.2.2}% 220
\BOOKMARK [2][-]{subsection.2.2.2}{\376\377\000P\000u\000r\000p\000o\000s\000e}{section.2.2}% 221
\BOOKMARK [2][-]{subsection.2.2.3}{\376\377\000P\000r\000e\000p\000r\000o\000c\000e\000s\000s\000o\000r\000\040\000G\000u\000a\000r\000d\000s}{section.2.2}% 222
\BOOKMARK [1][-]{section.2.3}{\376\377\000\137\000G\000N\000U\000\137\000S\000O\000U\000R\000C\000E}{chapter.2}% 223
\BOOKMARK [2][-]{subsection.2.3.1}{\376\377\000V\000a\000l\000u\000e}{section.2.3}% 224
\BOOKMARK [2][-]{subsection.2.3.2}{\376\377\000P\000u\000r\000p\000o\000s\000e}{section.2.3}% 225
\BOOKMARK [2][-]{subsection.2.3.3}{\376\377\000P\000r\000e\000p\000r\000o\000c\000e\000s\000s\000o\000r\000\040\000G\000u\000a\000r\000d\000s}{section.2.3}% 226
\BOOKMARK [1][-]{section.2.4}{\376\377\000H\000O\000S\000T\000\137\000N\000A\000M\000E\000\137\000M\000A\000X}{chapter.2}% 227
\BOOKMARK [2][-]{subsection.2.4.1}{\376\377\000V\000a\000l\000u\000e}{section.2.4}% 228
\BOOKMARK [2][-]{subsection.2.4.2}{\376\377\000P\000u\000r\000p\000o\000s\000e}{section.2.4}% 229
\BOOKMARK [2][-]{subsection.2.4.3}{\376\377\000P\000r\000e\000p\000r\000o\000c\000e\000s\000s\000o\000r\000\040\000G\000u\000a\000r\000d\000s}{section.2.4}% 230
\BOOKMARK [1][-]{section.2.5}{\376\377\000H\000O\000S\000T\000\137\000N\000A\000M\000E\000\137\000M\000A\000X}{chapter.2}% 231
\BOOKMARK [2][-]{subsection.2.5.1}{\376\377\000V\000a\000l\000u\000e}{section.2.5}% 232
\BOOKMARK [2][-]{subsection.2.5.2}{\376\377\000P\000u\000r\000p\000o\000s\000e}{section.2.5}% 233
\BOOKMARK [2][-]{subsection.2.5.3}{\376\377\000P\000r\000e\000p\000r\000o\000c\000e\000s\000s\000o\000r\000\040\000G\000u\000a\000r\000d\000s}{section.2.5}% 234
\BOOKMARK [1][-]{section.2.6}{\376\377\000E\000C\000\137\000H\000O\000S\000T\000\137\000N\000A\000M\000E\000\137\000M\000A\000X}{chapter.2}% 235
\BOOKMARK [2][-]{subsection.2.6.1}{\376\377\000V\000a\000l\000u\000e}{section.2.6}% 236
\BOOKMARK [2][-]{subsection.2.6.2}{\376\377\000P\000u\000r\000p\000o\000s\000e}{section.2.6}% 237
\BOOKMARK [2][-]{subsection.2.6.3}{\376\377\000P\000r\000e\000p\000r\000o\000c\000e\000s\000s\000o\000r\000\040\000G\000u\000a\000r\000d\000s}{section.2.6}% 238
\BOOKMARK [1][-]{section.2.7}{\376\377\000E\000C\000\137\000H\000O\000S\000T\000\137\000N\000A\000M\000E\000\137\000M\000A\000X}{chapter.2}% 239
\BOOKMARK [2][-]{subsection.2.7.1}{\376\377\000V\000a\000l\000u\000e}{section.2.7}% 240
\BOOKMARK [2][-]{subsection.2.7.2}{\376\377\000P\000u\000r\000p\000o\000s\000e}{section.2.7}% 241
\BOOKMARK [2][-]{subsection.2.7.3}{\376\377\000P\000r\000e\000p\000r\000o\000c\000e\000s\000s\000o\000r\000\040\000G\000u\000a\000r\000d\000s}{section.2.7}% 242
\BOOKMARK [0][-]{chapter.3}{\376\377\000G\000l\000o\000b\000a\000l\000\040\000V\000a\000r\000i\000a\000b\000l\000e\000s}{}% 243
\BOOKMARK [1][-]{section.3.1}{\376\377\000t\000h\000r\000e\000a\000d\000\137\000c\000y\000c\000l\000e\000s}{chapter.3}% 244
\BOOKMARK [2][-]{subsection.3.1.1}{\376\377\000T\000y\000p\000e}{section.3.1}% 245
\BOOKMARK [2][-]{subsection.3.1.2}{\376\377\000V\000a\000l\000u\000e}{section.3.1}% 246
\BOOKMARK [2][-]{subsection.3.1.3}{\376\377\000P\000u\000r\000p\000o\000s\000e}{section.3.1}% 247
\BOOKMARK [1][-]{section.3.2}{\376\377\000d\000r\000h\000o\000o\000k\000\137\000l\000h\000o\000o\000k}{chapter.3}% 248
\BOOKMARK [2][-]{subsection.3.2.1}{\376\377\000T\000y\000p\000e}{section.3.2}% 249
\BOOKMARK [2][-]{subsection.3.2.2}{\376\377\000V\000a\000l\000u\000e}{section.3.2}% 250
\BOOKMARK [2][-]{subsection.3.2.3}{\376\377\000P\000u\000r\000p\000o\000s\000e}{section.3.2}% 251
\BOOKMARK [0][-]{chapter.4}{\376\377\000F\000u\000n\000c\000t\000i\000o\000n\000s}{}% 252
\BOOKMARK [1][-]{section.4.1}{\376\377\000b\000a\000c\000k\000t\000r\000a\000c\000e\000\050\000\051}{chapter.4}% 253
\BOOKMARK [2][-]{subsection.4.1.1}{\376\377\000S\000i\000g\000n\000a\000t\000u\000r\000e}{section.4.1}% 254
\BOOKMARK [2][-]{subsection.4.1.2}{\376\377\000P\000u\000r\000p\000o\000s\000e}{section.4.1}% 255
\BOOKMARK [2][-]{subsection.4.1.3}{\376\377\000N\000o\000t\000e\000s}{section.4.1}% 256
